Fri 14 Apr 2023 01:10:04 AM UTC: 
 tests:  0|6
total_score: 0/70
b827cdd
Fri 14 Apr 2023 01:12:46 AM UTC: 
 hashmap.c | 4 ++--
 1 file changed, 2 insertions(+), 2 deletions(-)
 tests:  0|0
201af5a
Fri 14 Apr 2023 01:13:59 AM UTC: 
 hashmap.c | 1 +
 1 file changed, 1 insertion(+)
 tests:  0|0
5c21cb2
Fri 14 Apr 2023 01:15:12 AM UTC: 
 hashmap.c | 3 +++
 1 file changed, 3 insertions(+)
 tests:  0|0
7723428
Fri 14 Apr 2023 01:16:49 AM UTC: 
 hashmap.c | 2 +-
 1 file changed, 1 insertion(+), 1 deletion(-)
In file included from test.c:4:
test.c: In function ‘createMap’:
hashmap.c:56:7: error: ‘*mapa.buckets’ is used uninitialized [-Werror=uninitialized]
   56 |   mapa->buckets[0] = NULL;
      |   ~~~~^~~~~~~~~
cc1: all warnings being treated as errors
Compilation failed
a7acf93
Fri 14 Apr 2023 01:19:04 AM UTC: 
 hashmap.c | 2 +-
 1 file changed, 1 insertion(+), 1 deletion(-)
 tests:  0|0
04ba391
Fri 14 Apr 2023 01:19:11 AM UTC: 
 hashmap.c | 2 +-
 1 file changed, 1 insertion(+), 1 deletion(-)
 tests:  0|0
30e04d4
Fri 14 Apr 2023 01:19:22 AM UTC: 
 hashmap.c | 4 ++--
 1 file changed, 2 insertions(+), 2 deletions(-)
In file included from test.c:4:
hashmap.c: In function ‘createMap’:
hashmap.c:55:13: error: unused variable ‘mapa’ [-Werror=unused-variable]
   55 |   HashMap * mapa = (HashMap *) malloc(sizeof(HashMap));
      |             ^~~~
hashmap.c:61:1: error: control reaches end of non-void function [-Werror=return-type]
   61 | }
      | ^
cc1: all warnings being treated as errors
Compilation failed
86d8466
Fri 14 Apr 2023 01:19:31 AM UTC: 
 hashmap.c | 4 ++--
 1 file changed, 2 insertions(+), 2 deletions(-)
 tests:  0|0
236a0de
Fri 14 Apr 2023 01:19:43 AM UTC: 
 hashmap.c | 4 ++--
 1 file changed, 2 insertions(+), 2 deletions(-)
 tests:  0|0
f17cb64
Fri 14 Apr 2023 01:21:13 AM UTC: 
 hashmap.c | 4 ++--
 1 file changed, 2 insertions(+), 2 deletions(-)
 tests:  0|0
09b6349
Fri 14 Apr 2023 01:21:32 AM UTC: 
 hashmap.c | 2 +-
 1 file changed, 1 insertion(+), 1 deletion(-)
In file included from test.c:4:
test.c: In function ‘createMap’:
hashmap.c:56:7: error: ‘*mapa.buckets’ is used uninitialized [-Werror=uninitialized]
   56 |   mapa->buckets[capacity] = NULL;
      |   ~~~~^~~~~~~~~
cc1: all warnings being treated as errors
Compilation failed
498958e
Fri 14 Apr 2023 01:22:34 AM UTC: 
 hashmap.c | 3 ++-
 1 file changed, 2 insertions(+), 1 deletion(-)
In file included from test.c:4:
hashmap.c: In function ‘createMap’:
hashmap.c:56:3: error: conversion to non-scalar type requested
   56 |   Pair buckets = (Pair) malloc(sizeof(Pair));
      |   ^~~~
hashmap.c:56:8: error: unused variable ‘buckets’ [-Werror=unused-variable]
   56 |   Pair buckets = (Pair) malloc(sizeof(Pair));
      |        ^~~~~~~
cc1: all warnings being treated as errors
Compilation failed
2cddd50
Fri 14 Apr 2023 01:23:00 AM UTC: 
 hashmap.c | 2 +-
 1 file changed, 1 insertion(+), 1 deletion(-)
In file included from test.c:4:
hashmap.c: In function ‘createMap’:
hashmap.c:56:12: error: expected ‘=’, ‘,’, ‘;’, ‘asm’ or ‘__attribute__’ before ‘->’ token
   56 |   Pair mapa->buckets = (Pair) malloc(sizeof(Pair));
      |            ^~
hashmap.c:56:12: error: expected expression before ‘->’ token
hashmap.c:56:12: error: conversion to non-scalar type requested
Compilation failed
44d1817
Fri 14 Apr 2023 01:23:29 AM UTC: 
 hashmap.c | 1 -
 1 file changed, 1 deletion(-)
 tests:  0|0
4d6b4bd
Fri 14 Apr 2023 01:25:24 AM UTC: 
 hashmap.c | 2 +-
 1 file changed, 1 insertion(+), 1 deletion(-)
In file included from test.c:4:
test.c: In function ‘createMap’:
hashmap.c:56:7: error: ‘*mapa.buckets’ is used uninitialized [-Werror=uninitialized]
   56 |   mapa->buckets[0] = NULL;
      |   ~~~~^~~~~~~~~
cc1: all warnings being treated as errors
Compilation failed
e1fcab1
Fri 14 Apr 2023 01:26:46 AM UTC: 
 hashmap.c | 1 +
 1 file changed, 1 insertion(+)
In file included from test.c:4:
hashmap.c: In function ‘createMap’:
hashmap.c:56:10: error: unused variable ‘buckets’ [-Werror=unused-variable]
   56 |   Pair * buckets = (Pair *) malloc(sizeof(Pair));
      |          ^~~~~~~
hashmap.c:57:7: error: ‘*mapa.buckets’ is used uninitialized [-Werror=uninitialized]
   57 |   mapa->buckets[0] = NULL;
      |   ~~~~^~~~~~~~~
cc1: all warnings being treated as errors
Compilation failed
ae4e55c
Fri 14 Apr 2023 01:27:02 AM UTC: 
 hashmap.c | 3 +--
 1 file changed, 1 insertion(+), 2 deletions(-)
 tests:  0|0
925fb81
Fri 14 Apr 2023 01:27:49 AM UTC: 
 hashmap.c | 3 ++-
 1 file changed, 2 insertions(+), 1 deletion(-)
In file included from test.c:4:
hashmap.c: In function ‘createMap’:
hashmap.c:57:9: error: ‘*mapa.buckets’ may be used uninitialized [-Werror=maybe-uninitialized]
   57 |     mapa->buckets[i] = NULL;
      |     ~~~~^~~~~~~~~
cc1: all warnings being treated as errors
Compilation failed
3da76ec
Fri 14 Apr 2023 01:29:48 AM UTC: 
 hashmap.c | 3 ++-
 1 file changed, 2 insertions(+), 1 deletion(-)
In file included from test.c:4:
hashmap.c: In function ‘createMap’:
hashmap.c:57:9: error: ‘*mapa.buckets’ may be used uninitialized [-Werror=maybe-uninitialized]
   57 |     mapa->buckets[i] = NULL;
      |     ~~~~^~~~~~~~~
cc1: all warnings being treated as errors
Compilation failed
d65a646
Fri 14 Apr 2023 01:31:04 AM UTC: 
 hashmap.c | 1 +
 1 file changed, 1 insertion(+)
In file included from test.c:4:
hashmap.c: In function ‘createMap’:
hashmap.c:57:16: error: expected ‘=’, ‘,’, ‘;’, ‘asm’ or ‘__attribute__’ before ‘->’ token
   57 |     Pair * mapa->buckets[i] = (Pair *) malloc(sizeof(Pair));
      |                ^~
hashmap.c:57:16: error: expected expression before ‘->’ token
Compilation failed
c04b5c4
Fri 14 Apr 2023 01:31:14 AM UTC: 
 hashmap.c | 2 +-
 1 file changed, 1 insertion(+), 1 deletion(-)
In file included from test.c:4:
hashmap.c: In function ‘createMap’:
hashmap.c:57:15: error: expected ‘=’, ‘,’, ‘;’, ‘asm’ or ‘__attribute__’ before ‘->’ token
   57 |     Pair  mapa->buckets[i] = (Pair *) malloc(sizeof(Pair));
      |               ^~
hashmap.c:57:15: error: expected expression before ‘->’ token
Compilation failed
7b12963
Fri 14 Apr 2023 01:31:23 AM UTC: 
 hashmap.c | 2 +-
 1 file changed, 1 insertion(+), 1 deletion(-)
In file included from test.c:4:
hashmap.c: In function ‘createMap’:
hashmap.c:57:15: error: expected ‘=’, ‘,’, ‘;’, ‘asm’ or ‘__attribute__’ before ‘->’ token
   57 |     Pair  mapa->buckets[i] = (Pair) malloc(sizeof(Pair));
      |               ^~
hashmap.c:57:15: error: expected expression before ‘->’ token
hashmap.c:57:15: error: conversion to non-scalar type requested
Compilation failed
de45446
Fri 14 Apr 2023 01:31:31 AM UTC: 
 hashmap.c | 2 +-
 1 file changed, 1 insertion(+), 1 deletion(-)
In file included from test.c:4:
hashmap.c: In function ‘createMap’:
hashmap.c:57:15: error: expected ‘=’, ‘,’, ‘;’, ‘asm’ or ‘__attribute__’ before ‘.’ token
   57 |     Pair  mapa.buckets[i] = (Pair) malloc(sizeof(Pair));
      |               ^
hashmap.c:57:15: error: expected expression before ‘.’ token
hashmap.c:57:15: error: conversion to non-scalar type requested
Compilation failed
2d1540e
Fri 14 Apr 2023 01:32:45 AM UTC: 
 hashmap.c | 5 +----
 1 file changed, 1 insertion(+), 4 deletions(-)
 tests:  1|5
total_score: 10/70
82412aa
Fri 14 Apr 2023 01:39:26 AM UTC: 
 hashmap.c | 4 ++--
 1 file changed, 2 insertions(+), 2 deletions(-)
 tests:  1|5
total_score: 10/70
0fb07c6
Fri 14 Apr 2023 01:39:41 AM UTC: 
 hashmap.c | 1 +
 1 file changed, 1 insertion(+)
 tests:  2|5
total_score: 20/70
470b522
Fri 14 Apr 2023 01:42:42 AM UTC: 
 hashmap.c | 8 ++++++++
 1 file changed, 8 insertions(+)
In file included from test.c:4:
hashmap.c: In function ‘insertMap’:
hashmap.c:45:9: error: ‘true’ undeclared (first use in this function)
   45 |   while(true){
      |         ^~~~
hashmap.c:7:1: note: ‘true’ is defined in header ‘<stdbool.h>’; did you forget to ‘#include <stdbool.h>’?
    6 | #include "hashmap.h"
  +++ |+#include <stdbool.h>
    7 | 
hashmap.c:45:9: note: each undeclared identifier is reported only once for each function it appears in
   45 |   while(true){
      |         ^~~~
Compilation failed
1fa148d
Fri 14 Apr 2023 01:43:11 AM UTC: 
 hashmap.c | 2 +-
 1 file changed, 1 insertion(+), 1 deletion(-)
 tests:  4|5
total_score: 20/70
63236b7
Fri 14 Apr 2023 01:44:33 AM UTC: 
 hashmap.c | 2 ++
 1 file changed, 2 insertions(+)
In file included from test.c:4:
hashmap.c: In function ‘insertMap’:
hashmap.c:50:5: error: this ‘else’ clause does not guard... [-Werror=misleading-indentation]
   50 |     else
      |     ^~~~
hashmap.c:52:7: note: ...this statement, but the latter is misleadingly indented as if it were guarded by the ‘else’
   52 |       if(aux > map->capacity)
      |       ^~
cc1: all warnings being treated as errors
Compilation failed
e367776
Fri 14 Apr 2023 01:45:07 AM UTC: 
 hashmap.c | 4 ++--
 1 file changed, 2 insertions(+), 2 deletions(-)
 tests:  4|5
total_score: 20/70
8e70485
Fri 14 Apr 2023 01:45:39 AM UTC: 
 hashmap.c | 4 ++--
 1 file changed, 2 insertions(+), 2 deletions(-)
In file included from test.c:4:
hashmap.c: In function ‘insertMap’:
hashmap.c:50:5: error: this ‘else’ clause does not guard... [-Werror=misleading-indentation]
   50 |     else
      |     ^~~~
hashmap.c:52:7: note: ...this statement, but the latter is misleadingly indented as if it were guarded by the ‘else’
   52 |       if(aux > map->capacity)
      |       ^~
cc1: all warnings being treated as errors
Compilation failed
bdab7c4
Fri 14 Apr 2023 01:46:04 AM UTC: 
 hashmap.c | 2 +-
 1 file changed, 1 insertion(+), 1 deletion(-)
In file included from test.c:4:
hashmap.c: In function ‘insertMap’:
hashmap.c:50:5: error: this ‘else’ clause does not guard... [-Werror=misleading-indentation]
   50 |     else
      |     ^~~~
hashmap.c:52:7: note: ...this statement, but the latter is misleadingly indented as if it were guarded by the ‘else’
   52 |       if(aux > map->capacity)
      |       ^~
cc1: all warnings being treated as errors
Compilation failed
8012b14
Fri 14 Apr 2023 01:46:19 AM UTC: 
 hashmap.c | 3 ++-
 1 file changed, 2 insertions(+), 1 deletion(-)
In file included from test.c:4:
hashmap.c: In function ‘insertMap’:
hashmap.c:50:5: error: this ‘else’ clause does not guard... [-Werror=misleading-indentation]
   50 |     else
      |     ^~~~
hashmap.c:52:7: note: ...this statement, but the latter is misleadingly indented as if it were guarded by the ‘else’
   52 |       if(aux > map->capacity){
      |       ^~
cc1: all warnings being treated as errors
Compilation failed
dea3d56
Fri 14 Apr 2023 01:47:43 AM UTC: 
 hashmap.c | 3 ---
 1 file changed, 3 deletions(-)
 tests:  4|5
total_score: 20/70
4ceceed
Fri 14 Apr 2023 01:48:37 AM UTC: 
 hashmap.c | 2 +-
 1 file changed, 1 insertion(+), 1 deletion(-)
 tests:  4|5
total_score: 20/70
238cfbc
Fri 14 Apr 2023 01:49:09 AM UTC: 
 hashmap.c | 2 ++
 1 file changed, 2 insertions(+)
In file included from test.c:4:
hashmap.c: In function ‘insertMap’:
hashmap.c:50:5: error: this ‘else’ clause does not guard... [-Werror=misleading-indentation]
   50 |     else
      |     ^~~~
hashmap.c:52:7: note: ...this statement, but the latter is misleadingly indented as if it were guarded by the ‘else’
   52 |       if(aux > map->capacity)
      |       ^~
cc1: all warnings being treated as errors
Compilation failed
3f99d7a
Fri 14 Apr 2023 01:49:28 AM UTC: 
 hashmap.c | 2 +-
 1 file changed, 1 insertion(+), 1 deletion(-)
In file included from test.c:4:
hashmap.c: In function ‘insertMap’:
hashmap.c:50:5: error: this ‘else’ clause does not guard... [-Werror=misleading-indentation]
   50 |     else
      |     ^~~~
hashmap.c:52:7: note: ...this statement, but the latter is misleadingly indented as if it were guarded by the ‘else’
   52 |       if(aux == map->capacity)
      |       ^~
cc1: all warnings being treated as errors
Compilation failed
37fed12
Fri 14 Apr 2023 01:49:49 AM UTC: 
 hashmap.c | 5 +++--
 1 file changed, 3 insertions(+), 2 deletions(-)
 tests:  4|5
total_score: 20/70
acd9c5e
Fri 14 Apr 2023 01:52:02 AM UTC: 
 hashmap.c | 3 ++-
 1 file changed, 2 insertions(+), 1 deletion(-)
 tests:  4|5
total_score: 20/70
99efd36
Fri 14 Apr 2023 01:52:11 AM UTC: 
 hashmap.c | 2 +-
 1 file changed, 1 insertion(+), 1 deletion(-)
 tests:  4|5
total_score: 20/70
6acc933
Fri 14 Apr 2023 01:52:35 AM UTC: 
 hashmap.c | 2 +-
 1 file changed, 1 insertion(+), 1 deletion(-)
 tests:  4|5
total_score: 20/70
c0a83f3
Fri 14 Apr 2023 01:54:05 AM UTC: 
 hashmap.c | 2 +-
 1 file changed, 1 insertion(+), 1 deletion(-)
 tests:  5|4
total_score: 30/70
8e19c9e
Fri 14 Apr 2023 01:55:05 AM UTC: 
 hashmap.c | 1 +
 1 file changed, 1 insertion(+)
 tests:  5|4
total_score: 30/70
22d02f6
Fri 14 Apr 2023 01:58:02 AM UTC: 
 hashmap.c | 15 ++++++++++++---
 1 file changed, 12 insertions(+), 3 deletions(-)
 tests:  6|4
total_score: 30/70
fba717c
Fri 14 Apr 2023 01:58:16 AM UTC: 
 hashmap.c | 1 +
 1 file changed, 1 insertion(+)
 tests:  6|4
total_score: 30/70
69820de
Fri 14 Apr 2023 01:58:52 AM UTC: 
 hashmap.c | 2 +-
 1 file changed, 1 insertion(+), 1 deletion(-)
In file included from test.c:4:
hashmap.c: In function ‘searchMap’:
hashmap.c:87:5: error: this ‘if’ clause does not guard... [-Werror=misleading-indentation]
   87 |     if(map->buckets[aux] != NULL)
      |     ^~
hashmap.c:89:7: note: ...this statement, but the latter is misleadingly indented as if it were guarded by the ‘if’
   89 |       return map->buckets[aux];
      |       ^~~~~~
hashmap.c:90:5: error: ‘else’ without a previous ‘if’
   90 |     else{
      |     ^~~~
cc1: all warnings being treated as errors
Compilation failed
ddab2fb
Fri 14 Apr 2023 01:59:07 AM UTC: 
 hashmap.c | 3 ++-
 1 file changed, 2 insertions(+), 1 deletion(-)
 tests:  6|4
total_score: 30/70
6a40aaa
Fri 14 Apr 2023 02:00:25 AM UTC: 
 hashmap.c | 2 +-
 1 file changed, 1 insertion(+), 1 deletion(-)
 tests:  6|4
total_score: 30/70
39f89e4
Fri 14 Apr 2023 02:01:04 AM UTC: 
 hashmap.c | 2 +-
 1 file changed, 1 insertion(+), 1 deletion(-)
 tests:  6|4
total_score: 30/70
c99f216
Fri 14 Apr 2023 02:02:06 AM UTC: 
 hashmap.c | 3 ++-
 1 file changed, 2 insertions(+), 1 deletion(-)
 tests:  6|4
total_score: 30/70
141fd82
Fri 14 Apr 2023 02:03:25 AM UTC: 
 hashmap.c | 6 ++----
 1 file changed, 2 insertions(+), 4 deletions(-)
 tests:  6|4
total_score: 30/70
eee862d
Fri 14 Apr 2023 02:04:05 AM UTC: 
 hashmap.c | 1 +
 1 file changed, 1 insertion(+)
 tests:  6|4
total_score: 30/70
b2737be
Fri 14 Apr 2023 02:06:04 AM UTC: 
 hashmap.c | 2 +-
 1 file changed, 1 insertion(+), 1 deletion(-)
 tests:  6|4
total_score: 30/70
4c7958b
Fri 14 Apr 2023 02:07:52 AM UTC: 
 hashmap.c | 5 ++++-
 1 file changed, 4 insertions(+), 1 deletion(-)
 tests:  5|4
total_score: 30/70
06adc83
Fri 14 Apr 2023 02:09:01 AM UTC: 
 hashmap.c | 2 +-
 1 file changed, 1 insertion(+), 1 deletion(-)
In file included from test.c:4:
hashmap.c:100:1: error: expected identifier or ‘(’ before ‘}’ token
  100 | }
      | ^
Compilation failed
d69ff18
Fri 14 Apr 2023 02:09:17 AM UTC: 
 hashmap.c | 2 +-
 1 file changed, 1 insertion(+), 1 deletion(-)
 tests:  5|4
total_score: 30/70
a1c9e0a
Fri 14 Apr 2023 02:10:08 AM UTC: 
 hashmap.c | 5 +++--
 1 file changed, 3 insertions(+), 2 deletions(-)
In file included from test.c:4:
hashmap.c: In function ‘searchMap’:
hashmap.c:90:21: error: expected ‘;’ before ‘}’ token
   90 |       printf("LOL!")
      |                     ^
      |                     ;
......
   99 |     }
      |     ~                
test.c:453:5: error: ‘main’ is normally a non-static function [-Werror=main]
  453 | int main( int argc, char *argv[] ) {
      |     ^~~~
test.c:511:1: error: expected declaration or statement at end of input
  511 | }
      | ^
At top level:
test.c:453:5: error: ‘main’ defined but not used [-Werror=unused-function]
  453 | int main( int argc, char *argv[] ) {
      |     ^~~~
test.c:217:5: error: ‘insert_test5’ defined but not used [-Werror=unused-function]
  217 | int insert_test5(){ //factor de carga>0.7, se llama a función enlarge
      |     ^~~~~~~~~~~~
test.c:131:6: error: ‘compare_test’ defined but not used [-Werror=unused-function]
  131 | void compare_test(){
      |      ^~~~~~~~~~~~
test.c:125:6: error: ‘hash_test3’ defined but not used [-Werror=unused-function]
  125 | void hash_test3(){ //no random
      |      ^~~~~~~~~~
test.c:111:6: error: ‘hash_test2’ defined but not used [-Werror=unused-function]
  111 | void hash_test2(){ // colisiones
      |      ^~~~~~~~~~
test.c:100:6: error: ‘hash_test1’ defined but not used [-Werror=unused-function]
  100 | void hash_test1(){ // posición válida
      |      ^~~~~~~~~~
cc1: all warnings being treated as errors
Compilation failed
f9aa9cf
Fri 14 Apr 2023 02:10:31 AM UTC: 
 hashmap.c | 4 ++--
 1 file changed, 2 insertions(+), 2 deletions(-)
In file included from test.c:4:
hashmap.c: In function ‘searchMap’:
hashmap.c:90:21: error: expected ‘;’ before ‘map’
   90 |       printf("LOL!")
      |                     ^
      |                     ;
   91 |         map->current = aux;
      |         ~~~          
Compilation failed
403ea09
Fri 14 Apr 2023 02:10:48 AM UTC: 
 hashmap.c | 6 +++---
 1 file changed, 3 insertions(+), 3 deletions(-)
 tests:  5|4
total_score: 30/70
411a7f0
Fri 14 Apr 2023 02:11:19 AM UTC: 
 hashmap.c | 2 +-
 1 file changed, 1 insertion(+), 1 deletion(-)
 tests:  6|4
total_score: 30/70
afcd0e3
Fri 14 Apr 2023 02:12:12 AM UTC: 
 hashmap.c | 10 +++++-----
 1 file changed, 5 insertions(+), 5 deletions(-)
 tests:  5|4
total_score: 30/70
5bf5566
Fri 14 Apr 2023 02:13:05 AM UTC: 
 hashmap.c | 2 +-
 1 file changed, 1 insertion(+), 1 deletion(-)
 tests:  0|0
240b30d
Fri 14 Apr 2023 02:14:25 AM UTC: 
 hashmap.c | 9 +--------
 1 file changed, 1 insertion(+), 8 deletions(-)
test.c: In function ‘searchMap’:
test.c:453:5: error: ‘main’ is normally a non-static function [-Werror=main]
  453 | int main( int argc, char *argv[] ) {
      |     ^~~~
test.c:511:1: error: expected declaration or statement at end of input
  511 | }
      | ^
At top level:
test.c:453:5: error: ‘main’ defined but not used [-Werror=unused-function]
  453 | int main( int argc, char *argv[] ) {
      |     ^~~~
test.c:217:5: error: ‘insert_test5’ defined but not used [-Werror=unused-function]
  217 | int insert_test5(){ //factor de carga>0.7, se llama a función enlarge
      |     ^~~~~~~~~~~~
test.c:131:6: error: ‘compare_test’ defined but not used [-Werror=unused-function]
  131 | void compare_test(){
      |      ^~~~~~~~~~~~
test.c:125:6: error: ‘hash_test3’ defined but not used [-Werror=unused-function]
  125 | void hash_test3(){ //no random
      |      ^~~~~~~~~~
test.c:111:6: error: ‘hash_test2’ defined but not used [-Werror=unused-function]
  111 | void hash_test2(){ // colisiones
      |      ^~~~~~~~~~
test.c:100:6: error: ‘hash_test1’ defined but not used [-Werror=unused-function]
  100 | void hash_test1(){ // posición válida
      |      ^~~~~~~~~~
cc1: all warnings being treated as errors
Compilation failed
2731ab6
Fri 14 Apr 2023 02:14:57 AM UTC: 
 hashmap.c | 5 +++++
 1 file changed, 5 insertions(+)
test.c: In function ‘searchMap’:
test.c:453:5: error: ‘main’ is normally a non-static function [-Werror=main]
  453 | int main( int argc, char *argv[] ) {
      |     ^~~~
test.c:511:1: error: expected declaration or statement at end of input
  511 | }
      | ^
At top level:
test.c:453:5: error: ‘main’ defined but not used [-Werror=unused-function]
  453 | int main( int argc, char *argv[] ) {
      |     ^~~~
test.c:217:5: error: ‘insert_test5’ defined but not used [-Werror=unused-function]
  217 | int insert_test5(){ //factor de carga>0.7, se llama a función enlarge
      |     ^~~~~~~~~~~~
test.c:131:6: error: ‘compare_test’ defined but not used [-Werror=unused-function]
  131 | void compare_test(){
      |      ^~~~~~~~~~~~
test.c:125:6: error: ‘hash_test3’ defined but not used [-Werror=unused-function]
  125 | void hash_test3(){ //no random
      |      ^~~~~~~~~~
test.c:111:6: error: ‘hash_test2’ defined but not used [-Werror=unused-function]
  111 | void hash_test2(){ // colisiones
      |      ^~~~~~~~~~
test.c:100:6: error: ‘hash_test1’ defined but not used [-Werror=unused-function]
  100 | void hash_test1(){ // posición válida
      |      ^~~~~~~~~~
cc1: all warnings being treated as errors
Compilation failed
7d34c73
Fri 14 Apr 2023 02:15:32 AM UTC: 
 hashmap.c | 2 +-
 1 file changed, 1 insertion(+), 1 deletion(-)
test.c: In function ‘searchMap’:
test.c:453:5: error: ‘main’ is normally a non-static function [-Werror=main]
  453 | int main( int argc, char *argv[] ) {
      |     ^~~~
test.c:511:1: error: expected declaration or statement at end of input
  511 | }
      | ^
At top level:
test.c:453:5: error: ‘main’ defined but not used [-Werror=unused-function]
  453 | int main( int argc, char *argv[] ) {
      |     ^~~~
test.c:217:5: error: ‘insert_test5’ defined but not used [-Werror=unused-function]
  217 | int insert_test5(){ //factor de carga>0.7, se llama a función enlarge
      |     ^~~~~~~~~~~~
test.c:131:6: error: ‘compare_test’ defined but not used [-Werror=unused-function]
  131 | void compare_test(){
      |      ^~~~~~~~~~~~
test.c:125:6: error: ‘hash_test3’ defined but not used [-Werror=unused-function]
  125 | void hash_test3(){ //no random
      |      ^~~~~~~~~~
test.c:111:6: error: ‘hash_test2’ defined but not used [-Werror=unused-function]
  111 | void hash_test2(){ // colisiones
      |      ^~~~~~~~~~
test.c:100:6: error: ‘hash_test1’ defined but not used [-Werror=unused-function]
  100 | void hash_test1(){ // posición válida
      |      ^~~~~~~~~~
cc1: all warnings being treated as errors
Compilation failed
85e1bd2
Fri 14 Apr 2023 02:16:15 AM UTC: 
 hashmap.c | 5 +++--
 1 file changed, 3 insertions(+), 2 deletions(-)
test.c: In function ‘searchMap’:
test.c:453:5: error: ‘main’ is normally a non-static function [-Werror=main]
  453 | int main( int argc, char *argv[] ) {
      |     ^~~~
test.c:511:1: error: expected declaration or statement at end of input
  511 | }
      | ^
In file included from test.c:4:
hashmap.c:82:7: error: unused variable ‘aux’ [-Werror=unused-variable]
   82 |   int aux = hash(key,map->capacity);
      |       ^~~
At top level:
test.c:453:5: error: ‘main’ defined but not used [-Werror=unused-function]
  453 | int main( int argc, char *argv[] ) {
      |     ^~~~
test.c:217:5: error: ‘insert_test5’ defined but not used [-Werror=unused-function]
  217 | int insert_test5(){ //factor de carga>0.7, se llama a función enlarge
      |     ^~~~~~~~~~~~
test.c:131:6: error: ‘compare_test’ defined but not used [-Werror=unused-function]
  131 | void compare_test(){
      |      ^~~~~~~~~~~~
test.c:125:6: error: ‘hash_test3’ defined but not used [-Werror=unused-function]
  125 | void hash_test3(){ //no random
      |      ^~~~~~~~~~
test.c:111:6: error: ‘hash_test2’ defined but not used [-Werror=unused-function]
  111 | void hash_test2(){ // colisiones
      |      ^~~~~~~~~~
test.c:100:6: error: ‘hash_test1’ defined but not used [-Werror=unused-function]
  100 | void hash_test1(){ // posición válida
      |      ^~~~~~~~~~
cc1: all warnings being treated as errors
Compilation failed
a9ace21
Fri 14 Apr 2023 02:16:25 AM UTC: 
 hashmap.c | 2 +-
 1 file changed, 1 insertion(+), 1 deletion(-)
test.c: In function ‘searchMap’:
test.c:453:5: error: ‘main’ is normally a non-static function [-Werror=main]
  453 | int main( int argc, char *argv[] ) {
      |     ^~~~
test.c:511:1: error: expected declaration or statement at end of input
  511 | }
      | ^
In file included from test.c:4:
hashmap.c:82:7: error: unused variable ‘aux’ [-Werror=unused-variable]
   82 |   int aux = hash(key,map->capacity);
      |       ^~~
At top level:
test.c:453:5: error: ‘main’ defined but not used [-Werror=unused-function]
  453 | int main( int argc, char *argv[] ) {
      |     ^~~~
test.c:217:5: error: ‘insert_test5’ defined but not used [-Werror=unused-function]
  217 | int insert_test5(){ //factor de carga>0.7, se llama a función enlarge
      |     ^~~~~~~~~~~~
test.c:131:6: error: ‘compare_test’ defined but not used [-Werror=unused-function]
  131 | void compare_test(){
      |      ^~~~~~~~~~~~
test.c:125:6: error: ‘hash_test3’ defined but not used [-Werror=unused-function]
  125 | void hash_test3(){ //no random
      |      ^~~~~~~~~~
test.c:111:6: error: ‘hash_test2’ defined but not used [-Werror=unused-function]
  111 | void hash_test2(){ // colisiones
      |      ^~~~~~~~~~
test.c:100:6: error: ‘hash_test1’ defined but not used [-Werror=unused-function]
  100 | void hash_test1(){ // posición válida
      |      ^~~~~~~~~~
cc1: all warnings being treated as errors
Compilation failed
a88f34f
Fri 14 Apr 2023 02:17:06 AM UTC: 
 hashmap.c | 4 ++--
 1 file changed, 2 insertions(+), 2 deletions(-)
 tests:  5|4
total_score: 30/70
ddda138
Fri 14 Apr 2023 02:18:27 AM UTC: 
 hashmap.c | 13 +++++--------
 1 file changed, 5 insertions(+), 8 deletions(-)
 tests:  6|4
total_score: 30/70
08b5e01
Fri 14 Apr 2023 02:20:05 AM UTC: 
 hashmap.c | 6 ++++--
 1 file changed, 4 insertions(+), 2 deletions(-)
 tests:  5|4
total_score: 30/70
95ae2a7
Fri 14 Apr 2023 02:20:54 AM UTC: 
 hashmap.c | 2 +-
 1 file changed, 1 insertion(+), 1 deletion(-)
 tests:  5|4
total_score: 30/70
31b94e3
Fri 14 Apr 2023 02:21:34 AM UTC: 
 hashmap.c | 2 +-
 1 file changed, 1 insertion(+), 1 deletion(-)
 tests:  5|4
total_score: 30/70
c4eac0f
Fri 14 Apr 2023 02:21:52 AM UTC: 
 hashmap.c | 2 +-
 1 file changed, 1 insertion(+), 1 deletion(-)
 tests:  5|4
total_score: 30/70
db994fc
Fri 14 Apr 2023 02:23:07 AM UTC: 
 hashmap.c | 1 +
 1 file changed, 1 insertion(+)
 tests:  5|4
total_score: 30/70
2427caa
Fri 14 Apr 2023 02:23:59 AM UTC: 
 hashmap.c | 2 +-
 1 file changed, 1 insertion(+), 1 deletion(-)
 tests:  8|3
total_score: 40/70
d87e3ce
Fri 14 Apr 2023 02:24:29 AM UTC: 
 hashmap.c | 3 ---
 1 file changed, 3 deletions(-)
 tests:  8|3
total_score: 40/70
5aa9ab4
Fri 14 Apr 2023 02:31:15 AM UTC: 
 hashmap.c | 13 +++++++++++--
 1 file changed, 11 insertions(+), 2 deletions(-)
 tests:  0|0
c83e743
Fri 14 Apr 2023 02:32:34 AM UTC: 
 hashmap.c | 2 ++
 1 file changed, 2 insertions(+)
 tests:  0|0
41332f1
Fri 14 Apr 2023 02:33:39 AM UTC: 
 hashmap.c | 3 +++
 1 file changed, 3 insertions(+)
 tests:  11|2
total_score: 50/70
9b50df7
Fri 14 Apr 2023 02:36:09 AM UTC: 
 hashmap.c | 6 ++++--
 1 file changed, 4 insertions(+), 2 deletions(-)
In file included from test.c:4:
hashmap.c: In function ‘firstMap’:
hashmap.c:118:1: error: control reaches end of non-void function [-Werror=return-type]
  118 | }
      | ^
cc1: all warnings being treated as errors
Compilation failed
9850327
Fri 14 Apr 2023 02:36:28 AM UTC: 
 hashmap.c | 1 +
 1 file changed, 1 insertion(+)
 tests:  12|2
total_score: 50/70
0a2c81a
Fri 14 Apr 2023 02:37:06 AM UTC: 
 hashmap.c | 2 +-
 1 file changed, 1 insertion(+), 1 deletion(-)
 tests:  12|2
total_score: 50/70
1513fdb
Fri 14 Apr 2023 02:38:24 AM UTC: 
 hashmap.c | 4 +++-
 1 file changed, 3 insertions(+), 1 deletion(-)
 tests:  13|2
total_score: 50/70
4b19320
Fri 14 Apr 2023 02:39:54 AM UTC: 
 hashmap.c | 7 ++++++-
 1 file changed, 6 insertions(+), 1 deletion(-)
 tests:  16|1
total_score: 60/70
2de962e
Fri 14 Apr 2023 02:43:50 AM UTC: 
 hashmap.c | 1 +
 1 file changed, 1 insertion(+)
In file included from test.c:4:
hashmap.c: In function ‘enlarge’:
hashmap.c:63:15: error: unused variable ‘MapaLargo’ [-Werror=unused-variable]
   63 |     HashMap * MapaLargo = createMap(map->capacity * 2);
      |               ^~~~~~~~~
cc1: all warnings being treated as errors
Compilation failed
6f9c580
Fri 14 Apr 2023 02:52:21 AM UTC: 
 hashmap.c | 8 ++++++++
 1 file changed, 8 insertions(+)
In file included from test.c:4:
hashmap.c: In function ‘enlarge’:
hashmap.c:65:12: error: unused variable ‘aux’ [-Werror=unused-variable]
   65 |     Pair * aux = firstMap(map);
      |            ^~~
cc1: all warnings being treated as errors
Compilation failed
2d3cc96
Fri 14 Apr 2023 02:53:23 AM UTC: 
 hashmap.c | 2 +-
 1 file changed, 1 insertion(+), 1 deletion(-)
 tests:  16|1
total_score: 60/70
e7439c7
Fri 14 Apr 2023 02:54:11 AM UTC: 
 hashmap.c | 4 +---
 1 file changed, 1 insertion(+), 3 deletions(-)
 tests:  16|1
total_score: 60/70
2691e26
Fri 14 Apr 2023 03:08:09 AM UTC: 
 hashmap.c | 13 ++++++-------
 1 file changed, 6 insertions(+), 7 deletions(-)
In file included from test.c:4:
hashmap.c: In function ‘enlarge’:
hashmap.c:65:18: error: ‘crea’ undeclared (first use in this function)
   65 |     Pair * aux = crea
      |                  ^~~~
hashmap.c:65:18: note: each undeclared identifier is reported only once for each function it appears in
hashmap.c:67:5: error: expected ‘,’ or ‘;’ before ‘while’
   67 |     while(true){
      |     ^~~~~
hashmap.c:65:12: error: unused variable ‘aux’ [-Werror=unused-variable]
   65 |     Pair * aux = crea
      |            ^~~
hashmap.c:63:15: error: unused variable ‘mapa’ [-Werror=unused-variable]
   63 |     HashMap * mapa = createMap(map->capacity * 2);
      |               ^~~~
cc1: all warnings being treated as errors
Compilation failed
8b4448a
Fri 14 Apr 2023 03:08:30 AM UTC: 
 hashmap.c | 4 ++--
 1 file changed, 2 insertions(+), 2 deletions(-)
In file included from test.c:4:
hashmap.c:70:1: error: expected identifier or ‘(’ before ‘}’ token
   70 | }
      | ^
Compilation failed
1c88bc3
Fri 14 Apr 2023 03:08:40 AM UTC: 
 hashmap.c | 4 ++--
 1 file changed, 2 insertions(+), 2 deletions(-)
 tests:  16|1
total_score: 60/70
8227c46
Fri 14 Apr 2023 03:09:10 AM UTC: 
 hashmap.c | 2 +-
 1 file changed, 1 insertion(+), 1 deletion(-)
 tests:  13|2
total_score: 50/70
32f34d5
Fri 14 Apr 2023 03:09:20 AM UTC: 
 hashmap.c | 2 +-
 1 file changed, 1 insertion(+), 1 deletion(-)
 tests:  16|1
total_score: 60/70
0f76299
Fri 14 Apr 2023 03:10:32 AM UTC: 
 hashmap.c | 6 +++---
 1 file changed, 3 insertions(+), 3 deletions(-)
In file included from test.c:4:
hashmap.c: In function ‘enlarge’:
hashmap.c:65:12: error: unused variable ‘aux’ [-Werror=unused-variable]
   65 |     Pair * aux = firstMap(map);
      |            ^~~
hashmap.c:63:15: error: unused variable ‘mapa’ [-Werror=unused-variable]
   63 |     HashMap * mapa = createMap(map->capacity * 2);
      |               ^~~~
cc1: all warnings being treated as errors
Compilation failed
2ac6d1e
Fri 14 Apr 2023 03:15:28 AM UTC: 
 hashmap.c | 8 ++++++--
 1 file changed, 6 insertions(+), 2 deletions(-)
 tests:  16|1
total_score: 60/70
f8f2e8c
Fri 14 Apr 2023 03:15:35 AM UTC: 
 hashmap.c | 2 +-
 1 file changed, 1 insertion(+), 1 deletion(-)
 tests:  16|1
total_score: 60/70
3143238
Fri 14 Apr 2023 03:18:12 AM UTC: 
 hashmap.c | 6 +++---
 1 file changed, 3 insertions(+), 3 deletions(-)
 tests:  0|0
e91807d
Fri 14 Apr 2023 03:32:24 AM UTC: 
 hashmap.c | 9 ++++++---
 1 file changed, 6 insertions(+), 3 deletions(-)
 tests:  16|1
total_score: 60/70
1dea5ba
Fri 14 Apr 2023 03:34:07 AM UTC: 
 hashmap.c | 8 ++++----
 1 file changed, 4 insertions(+), 4 deletions(-)
 tests:  0|0
b5e6a1e
Fri 14 Apr 2023 03:38:12 AM UTC: 
 hashmap.c | 11 +++--------
 1 file changed, 3 insertions(+), 8 deletions(-)
 tests:  16|1
total_score: 60/70
624b85b
Fri 14 Apr 2023 03:38:56 AM UTC: 
 hashmap.c | 3 +++
 1 file changed, 3 insertions(+)
 tests:  16|1
total_score: 60/70
fa4164f
Sat 15 Apr 2023 02:37:30 AM UTC: 
 hashmap.c | 14 ++++++--------
 1 file changed, 6 insertions(+), 8 deletions(-)
 tests:  16|1
total_score: 60/70
ff7fdbc
Sat 15 Apr 2023 02:40:20 AM UTC: 
 hashmap.c | 12 +++++++-----
 1 file changed, 7 insertions(+), 5 deletions(-)
 tests:  16|1
total_score: 60/70
6167997
Sat 15 Apr 2023 02:49:46 AM UTC: 
 hashmap.c | 1 +
 1 file changed, 1 insertion(+)
 tests:  16|1
total_score: 60/70
8b059a4
Sat 15 Apr 2023 02:51:10 AM UTC: 
 hashmap.c | 5 +++--
 1 file changed, 3 insertions(+), 2 deletions(-)
In file included from test.c:4:
hashmap.c: In function ‘enlarge’:
hashmap.c:71:5: error: too few arguments to function ‘printf’
   71 |     printf()
      |     ^~~~~~
In file included from /nix/store/4pqv2mwdn88h7xvsm7a5zplrd8sxzvw0-glibc-2.35-163-dev/include/stdio.h:906,
                 from test.c:1:
/nix/store/4pqv2mwdn88h7xvsm7a5zplrd8sxzvw0-glibc-2.35-163-dev/include/bits/stdio2.h:84:1: note: declared here
   84 | printf (const char *__restrict __fmt, ...)
      | ^~~~~~
In file included from test.c:4:
hashmap.c:71:13: error: expected ‘;’ before ‘if’
   71 |     printf()
      |             ^
      |             ;
   72 |     if(aux == NULL)
      |     ~~       
Compilation failed
53540bc
Sat 15 Apr 2023 02:51:27 AM UTC: 
 hashmap.c | 1 -
 1 file changed, 1 deletion(-)
 tests:  16|1
total_score: 60/70
cc2aeff
Sat 15 Apr 2023 02:51:55 AM UTC: 
 hashmap.c | 3 ++-
 1 file changed, 2 insertions(+), 1 deletion(-)
 tests:  16|1
total_score: 60/70
c39cb66
Sat 15 Apr 2023 02:52:06 AM UTC: 
 hashmap.c | 2 +-
 1 file changed, 1 insertion(+), 1 deletion(-)
 tests:  16|1
total_score: 60/70
4e7c345
Sat 15 Apr 2023 02:53:16 AM UTC: 
 hashmap.c | 2 +-
 1 file changed, 1 insertion(+), 1 deletion(-)
 tests:  16|1
total_score: 60/70
263b10d
Sat 15 Apr 2023 02:53:43 AM UTC: 
 hashmap.c | 1 -
 1 file changed, 1 deletion(-)
 tests:  16|1
total_score: 60/70
02f85ea
Sat 15 Apr 2023 02:57:36 AM UTC: 
 hashmap.c | 12 ++++++++++--
 1 file changed, 10 insertions(+), 2 deletions(-)
 tests:  16|1
total_score: 60/70
245ffce
Sat 15 Apr 2023 02:58:05 AM UTC: 
 hashmap.c | 5 +++--
 1 file changed, 3 insertions(+), 2 deletions(-)
 tests:  16|1
total_score: 60/70
caca150
Sat 15 Apr 2023 03:00:56 AM UTC: 
 hashmap.c | 1 +
 1 file changed, 1 insertion(+)
 tests:  16|1
total_score: 60/70
7d22aa7
Sat 15 Apr 2023 03:01:17 AM UTC: 
 hashmap.c | 2 +-
 1 file changed, 1 insertion(+), 1 deletion(-)
 tests:  16|1
total_score: 60/70
e969eb9
Sat 15 Apr 2023 03:02:36 AM UTC: 
 hashmap.c | 13 +------------
 1 file changed, 1 insertion(+), 12 deletions(-)
 tests:  16|1
total_score: 60/70
6c6e8a0
Sat 15 Apr 2023 03:03:49 AM UTC: 
 hashmap.c | 3 +--
 1 file changed, 1 insertion(+), 2 deletions(-)
 tests:  0|0
0043c06
Sat 15 Apr 2023 03:04:56 AM UTC: 
 hashmap.c | 2 +-
 1 file changed, 1 insertion(+), 1 deletion(-)
 tests:  16|1
total_score: 60/70
aaaff0e
Sat 15 Apr 2023 03:15:57 AM UTC: 
 hashmap.c | 9 +++++++--
 1 file changed, 7 insertions(+), 2 deletions(-)
In file included from test.c:4:
hashmap.c: In function ‘enlarge’:
hashmap.c:76:11: error: unused variable ‘aux’ [-Werror=unused-variable]
   76 |   Pair ** aux = map->buckets;
      |           ^~~
cc1: all warnings being treated as errors
Compilation failed
4f6552c
Sat 15 Apr 2023 03:16:48 AM UTC: 
 hashmap.c | 2 +-
 1 file changed, 1 insertion(+), 1 deletion(-)
In file included from test.c:4:
hashmap.c: In function ‘enlarge’:
hashmap.c:79:13: error: unused variable ‘mapa’ [-Werror=unused-variable]
   79 |   HashMap * mapa = createMap(map->capacity);
      |             ^~~~
cc1: all warnings being treated as errors
Compilation failed
3156747
Sat 15 Apr 2023 03:18:55 AM UTC: 
 hashmap.c | 3 ++-
 1 file changed, 2 insertions(+), 1 deletion(-)
In file included from test.c:4:
hashmap.c: In function ‘enlarge’:
hashmap.c:77:11: error: unused variable ‘aux’ [-Werror=unused-variable]
   77 |   Pair ** aux = map->buckets;
      |           ^~~
cc1: all warnings being treated as errors
Compilation failed
a546fe7
Sat 15 Apr 2023 03:24:47 AM UTC: 
 hashmap.c | 4 +++-
 1 file changed, 3 insertions(+), 1 deletion(-)
 tests:  0|0
aa1bf67
Sat 15 Apr 2023 03:28:52 AM UTC: 
 hashmap.c | 11 ++++++++---
 1 file changed, 8 insertions(+), 3 deletions(-)
 tests:  0|0
657a431
Sat 15 Apr 2023 03:29:37 AM UTC: 
 hashmap.c | 1 -
 1 file changed, 1 deletion(-)
 tests:  0|0
c767957
Sat 15 Apr 2023 03:31:17 AM UTC: 
 hashmap.c | 12 ++++--------
 1 file changed, 4 insertions(+), 8 deletions(-)
 tests:  0|0
3498205
Sat 15 Apr 2023 03:44:47 AM UTC: 
 hashmap.c | 8 ++++----
 1 file changed, 4 insertions(+), 4 deletions(-)
 tests:  16|1
total_score: 60/70
cdb7d6d
Sun 16 Apr 2023 01:34:51 AM UTC: 
 hashmap.c | 9 +++++----
 1 file changed, 5 insertions(+), 4 deletions(-)
 tests:  0|0
fa599db
Sun 16 Apr 2023 01:38:39 AM UTC: 
 hashmap.c | 4 ++--
 1 file changed, 2 insertions(+), 2 deletions(-)
 tests:  0|0
cdc01fc
Sun 16 Apr 2023 01:39:04 AM UTC: 
 hashmap.c | 12 +-----------
 1 file changed, 1 insertion(+), 11 deletions(-)
 tests:  16|1
total_score: 60/70
a01f304
Sun 16 Apr 2023 01:42:21 AM UTC: 
 hashmap.c | 13 +++++++++++--
 1 file changed, 11 insertions(+), 2 deletions(-)
In file included from test.c:4:
hashmap.c: In function ‘enlarge’:
hashmap.c:77:3: error: "/*" within comment [-Werror=comment]
   77 |   /*Pair ** aux = map->buckets;
      |    
cc1: all warnings being treated as errors
Compilation failed
b1738f8
Sun 16 Apr 2023 01:42:51 AM UTC: 
 hashmap.c | 4 ++--
 1 file changed, 2 insertions(+), 2 deletions(-)
 tests:  16|1
total_score: 60/70
b27730f
Sun 16 Apr 2023 01:53:38 AM UTC: 
 hashmap.c | 30 ++++++++++++++++++++----------
 1 file changed, 20 insertions(+), 10 deletions(-)
In file included from test.c:4:
hashmap.c: In function ‘enlarge’:
hashmap.c:86:41: error: ‘Pair’ has no member named ‘next’
   86 |             Pair * temp_pair = curr_pair->next; // Guardamos el siguiente par para no perderlo
      |                                         ^~
hashmap.c:87:22: error: ‘Pair’ has no member named ‘next’
   87 |             curr_pair->next = new_buckets[new_index]; // Agregamos el par al nuevo arreglo
      |                      ^~
Compilation failed
1d4ad26
Sun 16 Apr 2023 01:55:50 AM UTC: 
 hashmap.c | 23 ++---------------------
 1 file changed, 2 insertions(+), 21 deletions(-)
 tests:  16|1
total_score: 60/70
c3fd611
Sun 16 Apr 2023 01:57:15 AM UTC: 
 hashmap.c | 20 +++++++++++++++++++-
 1 file changed, 19 insertions(+), 1 deletion(-)
In file included from test.c:4:
hashmap.c: In function ‘enlarge’:
hashmap.c:87:34: error: ‘Pair’ has no member named ‘next’
   87 |             curr_pair = curr_pair->next;
      |                                  ^~
Compilation failed
cb2ad7c
Sun 16 Apr 2023 02:01:30 AM UTC: 
 hashmap.c | 25 ++++++-------------------
 1 file changed, 6 insertions(+), 19 deletions(-)
 tests:  0|0
1520a07
Sun 16 Apr 2023 02:05:41 AM UTC: 
 hashmap.c | 8 ++++++--
 1 file changed, 6 insertions(+), 2 deletions(-)
In file included from test.c:4:
hashmap.c: In function ‘enlarge’:
hashmap.c:79:10: error: ‘*nuevo.buckets’ may be used uninitialized [-Werror=maybe-uninitialized]
   79 |     nuevo->buckets[i] = NULL;
      |     ~~~~~^~~~~~~~~
hashmap.c:81:17: error: ‘i’ is used uninitialized [-Werror=uninitialized]
   81 |   for(int i ; i < map->capacity / 2 ; i++){
      |               ~~^~~~~~~~~~~~~~~~~~~
cc1: all warnings being treated as errors
Compilation failed
621da2d
